Using pre-set license
Built from '2022.3/china_unity/release' branch; Version is '2022.3.55f1c1 (06b99830297d) revision 440728'; Using compiler version '192829333'; Build Type 'Release'
OS: 'Windows 11  (10.0.22631) 64bit CoreCountrySpecific' Language: 'zh' Physical Memory: 32559 MB
BatchMode: 1, IsHumanControllingUs: 0, StartBugReporterOnCrash: 0, Is64bit: 1, IsPro: 1

COMMAND LINE ARGUMENTS:
D:\ProgramFile\UnityEditor\2022.3.55f1c1\Editor\Unity.exe
-adb2
-batchMode
-noUpm
-name
AssetImportWorker5
-projectPath
D:/Download/HideAndSeek3/HideAndSeek(1)/HideAndSeek
-logFile
Logs/AssetImportWorker5.log
-srvPort
53658
Successfully changed project path to: D:/Download/HideAndSeek3/HideAndSeek(1)/HideAndSeek
D:/Download/HideAndSeek3/HideAndSeek(1)/HideAndSeek
[UnityMemory] Configuration Parameters - Can be set up in boot.config
    "memorysetup-bucket-allocator-granularity=16"
    "memorysetup-bucket-allocator-bucket-count=8"
    "memorysetup-bucket-allocator-block-size=33554432"
    "memorysetup-bucket-allocator-block-count=8"
    "memorysetup-main-allocator-block-size=16777216"
    "memorysetup-thread-allocator-block-size=16777216"
    "memorysetup-gfx-main-allocator-block-size=16777216"
    "memorysetup-gfx-thread-allocator-block-size=16777216"
    "memorysetup-cache-allocator-block-size=4194304"
    "memorysetup-typetree-allocator-block-size=2097152"
    "memorysetup-profiler-bucket-allocator-granularity=16"
    "memorysetup-profiler-bucket-allocator-bucket-count=8"
    "memorysetup-profiler-bucket-allocator-block-size=33554432"
    "memorysetup-profiler-bucket-allocator-block-count=8"
    "memorysetup-profiler-allocator-block-size=16777216"
    "memorysetup-profiler-editor-allocator-block-size=1048576"
    "memorysetup-temp-allocator-size-main=16777216"
    "memorysetup-job-temp-allocator-block-size=2097152"
    "memorysetup-job-temp-allocator-block-size-background=1048576"
    "memorysetup-job-temp-allocator-reduction-small-platforms=262144"
    "memorysetup-allocator-temp-initial-block-size-main=262144"
    "memorysetup-allocator-temp-initial-block-size-worker=262144"
    "memorysetup-temp-allocator-size-background-worker=32768"
    "memorysetup-temp-allocator-size-job-worker=262144"
    "memorysetup-temp-allocator-size-preload-manager=33554432"
    "memorysetup-temp-allocator-size-nav-mesh-worker=65536"
    "memorysetup-temp-allocator-size-audio-worker=65536"
    "memorysetup-temp-allocator-size-cloud-worker=32768"
    "memorysetup-temp-allocator-size-gi-baking-worker=262144"
    "memorysetup-temp-allocator-size-gfx=262144"
Player connection [56640]  Target information:

Player connection [56640]  * "[IP] 192.168.255.1 [Port] 0 [Flags] 2 [Guid] 89253527 [EditorId] 89253527 [Version] 1048832 [Id] WindowsEditor(7,poppy) [Debug] 1 [PackageName] WindowsEditor [ProjectName] Editor" 

Player connection [56640]  * "[IP] 192.168.31.1 [Port] 0 [Flags] 2 [Guid] 89253527 [EditorId] 89253527 [Version] 1048832 [Id] WindowsEditor(7,poppy) [Debug] 1 [PackageName] WindowsEditor [ProjectName] Editor" 

Player connection [56640]  * "[IP] 192.168.0.203 [Port] 0 [Flags] 2 [Guid] 89253527 [EditorId] 89253527 [Version] 1048832 [Id] WindowsEditor(7,poppy) [Debug] 1 [PackageName] WindowsEditor [ProjectName] Editor" 

Player connection [56640] Host joined multi-casting on [225.0.0.222:54997]...
Player connection [56640] Host joined alternative multi-casting on [225.0.0.222:34997]...
[PhysX] Initialized MultithreadedTaskDispatcher with 32 workers.
Refreshing native plugins compatible for Editor in 6.54 ms, found 3 plugins.
Preloading 0 native plugins for Editor in 0.00 ms.
Initialize engine version: 2022.3.55f1c1 (06b99830297d)
[Subsystems] Discovering subsystems at path D:/ProgramFile/UnityEditor/2022.3.55f1c1/Editor/Data/Resources/UnitySubsystems
[Subsystems] Discovering subsystems at path D:/Download/HideAndSeek3/HideAndSeek(1)/HideAndSeek/Assets
GfxDevice: creating device client; threaded=0; jobified=0
Direct3D:
    Version:  Direct3D 11.0 [level 11.1]
    Renderer: NVIDIA GeForce RTX 4060 Laptop GPU (ID=0x28e0)
    Vendor:   NVIDIA
    VRAM:     7957 MB
    Driver:   31.0.15.5183
Initialize mono
Mono path[0] = 'D:/ProgramFile/UnityEditor/2022.3.55f1c1/Editor/Data/Managed'
Mono path[1] = 'D:/ProgramFile/UnityEditor/2022.3.55f1c1/Editor/Data/MonoBleedingEdge/lib/mono/unityjit-win32'
Mono config path = 'D:/ProgramFile/UnityEditor/2022.3.55f1c1/Editor/Data/MonoBleedingEdge/etc'
Using monoOptions --debugger-agent=transport=dt_socket,embedding=1,server=y,suspend=n,address=127.0.0.1:56924
Begin MonoManager ReloadAssembly
Registering precompiled unity dll's ...
Register platform support module: D:/ProgramFile/UnityEditor/2022.3.55f1c1/Editor/Data/PlaybackEngines/WebGLSupport/UnityEditor.WebGL.Extensions.dll
Register platform support module: D:/ProgramFile/UnityEditor/2022.3.55f1c1/Editor/Data/PlaybackEngines/WindowsStandaloneSupport/UnityEditor.WindowsStandalone.Extensions.dll
Registered in 0.002978 seconds.
- Loaded All Assemblies, in  0.310 seconds
Native extension for WindowsStandalone target not found
Native extension for WebGL target not found
Mono: successfully reloaded assembly
- Finished resetting the current domain, in  0.230 seconds
Domain Reload Profiling: 540ms
	BeginReloadAssembly (86ms)
		ExecutionOrderSort (0ms)
		DisableScriptedObjects (0ms)
		BackupInstance (0ms)
		ReleaseScriptingObjects (0ms)
		CreateAndSetChildDomain (1ms)
	RebuildCommonClasses (27ms)
	RebuildNativeTypeToScriptingClass (8ms)
	initialDomainReloadingComplete (40ms)
	LoadAllAssembliesAndSetupDomain (148ms)
		LoadAssemblies (85ms)
		RebuildTransferFunctionScriptingTraits (0ms)
		AnalyzeDomain (147ms)
			TypeCache.Refresh (145ms)
				TypeCache.ScanAssembly (131ms)
			ScanForSourceGeneratedMonoScriptInfo (0ms)
			ResolveRequiredComponents (0ms)
	FinalizeReload (231ms)
		ReleaseScriptCaches (0ms)
		RebuildScriptCaches (0ms)
		SetupLoadedEditorAssemblies (192ms)
			LogAssemblyErrors (0ms)
			InitializePlatformSupportModulesInManaged (8ms)
			SetLoadedEditorAssemblies (5ms)
			RefreshPlugins (0ms)
			BeforeProcessingInitializeOnLoad (2ms)
			ProcessInitializeOnLoadAttributes (133ms)
			ProcessInitializeOnLoadMethodAttributes (45ms)
			AfterProcessingInitializeOnLoad (0ms)
			EditorAssembliesLoaded (0ms)
		ExecutionOrderSort2 (0ms)
		AwakeInstancesAfterBackupRestoration (0ms)
========================================================================
Worker process is ready to serve import requests
Caller must complete domain reload
Begin MonoManager ReloadAssembly
Symbol file LoadedFromMemory is not a mono symbol file
- Loaded All Assemblies, in  0.757 seconds
Native extension for WindowsStandalone target not found
Native extension for WebGL target not found
Moved ScriptTemplates to Assets folder.
Mirror | mirror-networking.com | discord.gg/N9QVxbM
Mono: successfully reloaded assembly
- Finished resetting the current domain, in  0.608 seconds
Domain Reload Profiling: 1365ms
	BeginReloadAssembly (133ms)
		ExecutionOrderSort (0ms)
		DisableScriptedObjects (4ms)
		BackupInstance (0ms)
		ReleaseScriptingObjects (0ms)
		CreateAndSetChildDomain (16ms)
	RebuildCommonClasses (29ms)
	RebuildNativeTypeToScriptingClass (9ms)
	initialDomainReloadingComplete (34ms)
	LoadAllAssembliesAndSetupDomain (551ms)
		LoadAssemblies (394ms)
		RebuildTransferFunctionScriptingTraits (0ms)
		AnalyzeDomain (240ms)
			TypeCache.Refresh (205ms)
				TypeCache.ScanAssembly (184ms)
			ScanForSourceGeneratedMonoScriptInfo (24ms)
			ResolveRequiredComponents (9ms)
	FinalizeReload (609ms)
		ReleaseScriptCaches (0ms)
		RebuildScriptCaches (0ms)
		SetupLoadedEditorAssemblies (478ms)
			LogAssemblyErrors (0ms)
			InitializePlatformSupportModulesInManaged (5ms)
			SetLoadedEditorAssemblies (4ms)
			RefreshPlugins (0ms)
			BeforeProcessingInitializeOnLoad (66ms)
			ProcessInitializeOnLoadAttributes (332ms)
			ProcessInitializeOnLoadMethodAttributes (70ms)
			AfterProcessingInitializeOnLoad (1ms)
			EditorAssembliesLoaded (0ms)
		ExecutionOrderSort2 (0ms)
		AwakeInstancesAfterBackupRestoration (5ms)
Launched and connected shader compiler UnityShaderCompiler.exe after 0.06 seconds
Refreshing native plugins compatible for Editor in 2.28 ms, found 3 plugins.
Preloading 0 native plugins for Editor in 0.00 ms.
Unloading 5741 Unused Serialized files (Serialized files now loaded: 0)
Unloading 28 unused Assets / (347.0 KB). Loaded Objects now: 6201.
Memory consumption went from 188.1 MB to 187.8 MB.
Total: 3.018300 ms (FindLiveObjects: 0.245300 ms CreateObjectMapping: 0.082700 ms MarkObjects: 2.545100 ms  DeleteObjects: 0.144300 ms)

AssetImportParameters requested are different than current active one (requested -> active):
  custom:container-demuxer-ogg: 62fdf1f143b41e24485cea50d1cbac27 -> 
  custom:video-codec-MediaFoundation-h265: 746d11721c4dcdbdad8f713fa42b33f4 -> 
  custom:video-decoder-ogg-theora: a1e56fd34408186e4bbccfd4996cb3dc -> 
  custom:framework-win-MediaFoundation: 216162199b28c13a410421893ffa2e32 -> 
  custom:scripting/monoscript/fileName/CitySplitor.cs: 50a1efb3462802c496651a196a1a9eac -> 
  custom:scripting/monoscript/fileName/SplitSceneBy2x2Blocks.cs: 513f3401c17012a61e15b995618f0277 -> 
  custom:CustomObjectIndexerAttribute: 9a22284fe3817be447336de3de66b15e -> 
  custom:container-demuxer-webm: 4f35f7cbe854078d1ac9338744f61a02 -> 
  custom:container-muxer-webm: aa71ff27fc2769a1b78a27578f13a17b -> 
  custom:video-decoder-webm-vp8: 9c59270c3fd7afecdb556c50c9e8de78 -> 
  custom:SearchIndexIgnoredProperties: e643bd26f0fe6173181afceb89e7c659 -> 
  custom:AudioImporter_EditorPlatform: d09bf68614088b80899f8185d706f6e7 -> 
  custom:video-encoder-webm-vp8: eb34c28f22e8b96e1ab97ce403110664 -> 
  custom:audio-decoder-ogg-vorbis: bf7c407c2cedff20999df2af8eb42d56 -> 
  custom:audio-encoder-webm-vorbis: bf7c407c2cedff20999df2af8eb42d56 -> 
  custom:scripting/monoscript/fileName/CityGenerator.cs: 6abaf8bb4a0ab5143acbb176a216a959 -> 8e9fa03cfc7d5ddced4a5cd58c37479e
========================================================================
Received Import Request.
  Time since last request: 1320161.217218 seconds.
  path: Assets/ThirdPackage/Tiny_Toony_City_Extended/Meshes/Factory/Bock_A2.fbx
  artifactKey: Guid(32d784e2e66b71143b60bf3123638690) Importer(815301076,1909f56bfc062723c751e8b465ee728b)
Start importing Assets/ThirdPackage/Tiny_Toony_City_Extended/Meshes/Factory/Bock_A2.fbx using Guid(32d784e2e66b71143b60bf3123638690) Importer(815301076,1909f56bfc062723c751e8b465ee728b) [PhysX] Initialized MultithreadedTaskDispatcher with 32 workers.
[PhysX] Initialized MultithreadedTaskDispatcher with 32 workers.
[PhysX] Initialized MultithreadedTaskDispatcher with 32 workers.
 -> (artifact id: 'd2ea8b10ba5e139a42a0ccc415505be7') in 0.075589 seconds
Number of updated asset objects reloaded before import = 0
Number of asset objects unloaded after import = 9
========================================================================
Received Import Request.
  Time since last request: 0.042683 seconds.
  path: Assets/ThirdPackage/Tiny_Toony_City_Extended/Meshes/Factory/Bock_A4.fbx
  artifactKey: Guid(5e675c9cd48043b45864b2440fffe9cb) Importer(815301076,1909f56bfc062723c751e8b465ee728b)
Start importing Assets/ThirdPackage/Tiny_Toony_City_Extended/Meshes/Factory/Bock_A4.fbx using Guid(5e675c9cd48043b45864b2440fffe9cb) Importer(815301076,1909f56bfc062723c751e8b465ee728b) [PhysX] Initialized MultithreadedTaskDispatcher with 32 workers.
[PhysX] Initialized MultithreadedTaskDispatcher with 32 workers.
[PhysX] Initialized MultithreadedTaskDispatcher with 32 workers.
 -> (artifact id: '070ed76b6d19bbb98df2cae596f55818') in 0.012188 seconds
Number of updated asset objects reloaded before import = 0
Number of asset objects unloaded after import = 9
========================================================================
Received Import Request.
  Time since last request: 0.105597 seconds.
  path: Assets/ThirdPackage/Tiny_Toony_City_Extended/Meshes/Factory/Chimney_A2.fbx
  artifactKey: Guid(4b219cde1985a484c8eb06a2b969ee6c) Importer(815301076,1909f56bfc062723c751e8b465ee728b)
Start importing Assets/ThirdPackage/Tiny_Toony_City_Extended/Meshes/Factory/Chimney_A2.fbx using Guid(4b219cde1985a484c8eb06a2b969ee6c) Importer(815301076,1909f56bfc062723c751e8b465ee728b) [PhysX] Initialized MultithreadedTaskDispatcher with 32 workers.
[PhysX] Initialized MultithreadedTaskDispatcher with 32 workers.
[PhysX] Initialized MultithreadedTaskDispatcher with 32 workers.
 -> (artifact id: '77eb10df07ad692bbd15d2e6d4828655') in 0.037762 seconds
Number of updated asset objects reloaded before import = 0
Number of asset objects unloaded after import = 9
========================================================================
Received Import Request.
  Time since last request: 0.000014 seconds.
  path: Assets/ThirdPackage/Tiny_Toony_City_Extended/Meshes/Factory/Wall_02.fbx
  artifactKey: Guid(d531273d552f1674695cddbca642a430) Importer(815301076,1909f56bfc062723c751e8b465ee728b)
Start importing Assets/ThirdPackage/Tiny_Toony_City_Extended/Meshes/Factory/Wall_02.fbx using Guid(d531273d552f1674695cddbca642a430) Importer(815301076,1909f56bfc062723c751e8b465ee728b) [PhysX] Initialized MultithreadedTaskDispatcher with 32 workers.
[PhysX] Initialized MultithreadedTaskDispatcher with 32 workers.
[PhysX] Initialized MultithreadedTaskDispatcher with 32 workers.
 -> (artifact id: '78ad80a20bc9ee53590834128af21906') in 0.032828 seconds
Number of updated asset objects reloaded before import = 0
Number of asset objects unloaded after import = 9
========================================================================
Received Import Request.
  Time since last request: 0.000015 seconds.
  path: Assets/ThirdPackage/Tiny_Toony_City_Extended/Meshes/Factory/Chimney_A1.fbx
  artifactKey: Guid(c2b7c169bf012364796e6170cf32f39e) Importer(815301076,1909f56bfc062723c751e8b465ee728b)
Start importing Assets/ThirdPackage/Tiny_Toony_City_Extended/Meshes/Factory/Chimney_A1.fbx using Guid(c2b7c169bf012364796e6170cf32f39e) Importer(815301076,1909f56bfc062723c751e8b465ee728b) [PhysX] Initialized MultithreadedTaskDispatcher with 32 workers.
[PhysX] Initialized MultithreadedTaskDispatcher with 32 workers.
[PhysX] Initialized MultithreadedTaskDispatcher with 32 workers.
 -> (artifact id: '28cf093bc0ff24e18f22442e6e8f3d67') in 0.011414 seconds
Number of updated asset objects reloaded before import = 0
Number of asset objects unloaded after import = 9
========================================================================
Received Import Request.
  Time since last request: 0.000017 seconds.
  path: Assets/ThirdPackage/Tiny_Toony_City_Extended/Meshes/Factory/Silo_A2.fbx
  artifactKey: Guid(f4c64f55440bf7349b8feb2a3ce836e2) Importer(815301076,1909f56bfc062723c751e8b465ee728b)
Start importing Assets/ThirdPackage/Tiny_Toony_City_Extended/Meshes/Factory/Silo_A2.fbx using Guid(f4c64f55440bf7349b8feb2a3ce836e2) Importer(815301076,1909f56bfc062723c751e8b465ee728b) [PhysX] Initialized MultithreadedTaskDispatcher with 32 workers.
[PhysX] Initialized MultithreadedTaskDispatcher with 32 workers.
[PhysX] Initialized MultithreadedTaskDispatcher with 32 workers.
 -> (artifact id: '9d4322ab0f07ed70752ceec0adc500f5') in 0.008264 seconds
Number of updated asset objects reloaded before import = 0
Number of asset objects unloaded after import = 9
========================================================================
Received Import Request.
  Time since last request: 0.000012 seconds.
  path: Assets/ThirdPackage/Tiny_Toony_City_Extended/Meshes/Factory/Bock_A5.fbx
  artifactKey: Guid(fa4f8f1ebf4a57c4d80baa287482a1d3) Importer(815301076,1909f56bfc062723c751e8b465ee728b)
Start importing Assets/ThirdPackage/Tiny_Toony_City_Extended/Meshes/Factory/Bock_A5.fbx using Guid(fa4f8f1ebf4a57c4d80baa287482a1d3) Importer(815301076,1909f56bfc062723c751e8b465ee728b) [PhysX] Initialized MultithreadedTaskDispatcher with 32 workers.
[PhysX] Initialized MultithreadedTaskDispatcher with 32 workers.
[PhysX] Initialized MultithreadedTaskDispatcher with 32 workers.
 -> (artifact id: '4e0bd9c7930bbcc8c2f4d642998c219d') in 0.064066 seconds
Number of updated asset objects reloaded before import = 0
Number of asset objects unloaded after import = 9
========================================================================
Received Import Request.
  Time since last request: 0.758540 seconds.
  path: Assets/ThirdPackage/Tiny_Toony_City_Extended/Meshes/Hospital/Bock_A2.fbx
  artifactKey: Guid(08c35f8df9a205e419f65cf324b398e3) Importer(815301076,1909f56bfc062723c751e8b465ee728b)
Start importing Assets/ThirdPackage/Tiny_Toony_City_Extended/Meshes/Hospital/Bock_A2.fbx using Guid(08c35f8df9a205e419f65cf324b398e3) Importer(815301076,1909f56bfc062723c751e8b465ee728b) [PhysX] Initialized MultithreadedTaskDispatcher with 32 workers.
[PhysX] Initialized MultithreadedTaskDispatcher with 32 workers.
[PhysX] Initialized MultithreadedTaskDispatcher with 32 workers.
 -> (artifact id: '64d7efcbc1b1c5a4155afa0c643fea4c') in 0.012257 seconds
Number of updated asset objects reloaded before import = 0
Number of asset objects unloaded after import = 9
========================================================================
Received Import Request.
  Time since last request: 0.000041 seconds.
  path: Assets/ThirdPackage/Tiny_Toony_City_Extended/Meshes/Hospital/RoofTop_A3.fbx
  artifactKey: Guid(2388cc3bbc7cff44195ccd29bff22a06) Importer(815301076,1909f56bfc062723c751e8b465ee728b)
Start importing Assets/ThirdPackage/Tiny_Toony_City_Extended/Meshes/Hospital/RoofTop_A3.fbx using Guid(2388cc3bbc7cff44195ccd29bff22a06) Importer(815301076,1909f56bfc062723c751e8b465ee728b) [PhysX] Initialized MultithreadedTaskDispatcher with 32 workers.
[PhysX] Initialized MultithreadedTaskDispatcher with 32 workers.
[PhysX] Initialized MultithreadedTaskDispatcher with 32 workers.
 -> (artifact id: '8eeefbeae45296a781415f0261d74f69') in 0.027983 seconds
Number of updated asset objects reloaded before import = 0
Number of asset objects unloaded after import = 9
========================================================================
Received Import Request.
  Time since last request: 0.000035 seconds.
  path: Assets/ThirdPackage/Tiny_Toony_City_Extended/Meshes/Hospital/RoofTop_A4.fbx
  artifactKey: Guid(7385bf1709947294ca2ed8ac3aee1c29) Importer(815301076,1909f56bfc062723c751e8b465ee728b)
Start importing Assets/ThirdPackage/Tiny_Toony_City_Extended/Meshes/Hospital/RoofTop_A4.fbx using Guid(7385bf1709947294ca2ed8ac3aee1c29) Importer(815301076,1909f56bfc062723c751e8b465ee728b) [PhysX] Initialized MultithreadedTaskDispatcher with 32 workers.
[PhysX] Initialized MultithreadedTaskDispatcher with 32 workers.
[PhysX] Initialized MultithreadedTaskDispatcher with 32 workers.
 -> (artifact id: 'd8cb3a27d47e3972eb141200d2fc1522') in 0.024640 seconds
Number of updated asset objects reloaded before import = 0
Number of asset objects unloaded after import = 9
========================================================================
Received Import Request.
  Time since last request: 0.000012 seconds.
  path: Assets/ThirdPackage/Tiny_Toony_City_Extended/Meshes/Hospital/Column_A1.fbx
  artifactKey: Guid(cbc56cd9f0ad39d499d626d736cadcc9) Importer(815301076,1909f56bfc062723c751e8b465ee728b)
Start importing Assets/ThirdPackage/Tiny_Toony_City_Extended/Meshes/Hospital/Column_A1.fbx using Guid(cbc56cd9f0ad39d499d626d736cadcc9) Importer(815301076,1909f56bfc062723c751e8b465ee728b) [PhysX] Initialized MultithreadedTaskDispatcher with 32 workers.
[PhysX] Initialized MultithreadedTaskDispatcher with 32 workers.
[PhysX] Initialized MultithreadedTaskDispatcher with 32 workers.
 -> (artifact id: 'a2916fcb4228c6714beae3fde7853f67') in 0.057459 seconds
Number of updated asset objects reloaded before import = 0
Number of asset objects unloaded after import = 9
========================================================================
Received Import Request.
  Time since last request: 0.000014 seconds.
  path: Assets/ThirdPackage/Tiny_Toony_City_Extended/Meshes/Hospital/Stairs_A2.fbx
  artifactKey: Guid(0166599cc9649904ba781869ad1b593f) Importer(815301076,1909f56bfc062723c751e8b465ee728b)
Start importing Assets/ThirdPackage/Tiny_Toony_City_Extended/Meshes/Hospital/Stairs_A2.fbx using Guid(0166599cc9649904ba781869ad1b593f) Importer(815301076,1909f56bfc062723c751e8b465ee728b) [PhysX] Initialized MultithreadedTaskDispatcher with 32 workers.
[PhysX] Initialized MultithreadedTaskDispatcher with 32 workers.
[PhysX] Initialized MultithreadedTaskDispatcher with 32 workers.
 -> (artifact id: '61114164689255db3eade55a6116e707') in 0.027913 seconds
Number of updated asset objects reloaded before import = 0
Number of asset objects unloaded after import = 9
========================================================================
Received Import Request.
  Time since last request: 0.000014 seconds.
  path: Assets/ThirdPackage/Tiny_Toony_City_Extended/Meshes/Hospital/Roof.fbx
  artifactKey: Guid(c6988d171e2e55e4d8eb76ed78c8168f) Importer(815301076,1909f56bfc062723c751e8b465ee728b)
Start importing Assets/ThirdPackage/Tiny_Toony_City_Extended/Meshes/Hospital/Roof.fbx using Guid(c6988d171e2e55e4d8eb76ed78c8168f) Importer(815301076,1909f56bfc062723c751e8b465ee728b) [PhysX] Initialized MultithreadedTaskDispatcher with 32 workers.
[PhysX] Initialized MultithreadedTaskDispatcher with 32 workers.
[PhysX] Initialized MultithreadedTaskDispatcher with 32 workers.
 -> (artifact id: 'f9230998443c2e2b4a2a98aac02979a2') in 0.027948 seconds
Number of updated asset objects reloaded before import = 0
Number of asset objects unloaded after import = 9
========================================================================
Received Import Request.
  Time since last request: 0.000013 seconds.
  path: Assets/ThirdPackage/Tiny_Toony_City_Extended/Meshes/Hospital/Door_A1.fbx
  artifactKey: Guid(cd0ba959de0289747bfcc0967406011f) Importer(815301076,1909f56bfc062723c751e8b465ee728b)
Start importing Assets/ThirdPackage/Tiny_Toony_City_Extended/Meshes/Hospital/Door_A1.fbx using Guid(cd0ba959de0289747bfcc0967406011f) Importer(815301076,1909f56bfc062723c751e8b465ee728b) [PhysX] Initialized MultithreadedTaskDispatcher with 32 workers.
[PhysX] Initialized MultithreadedTaskDispatcher with 32 workers.
[PhysX] Initialized MultithreadedTaskDispatcher with 32 workers.
 -> (artifact id: '30d0ba57b6bb70ef39899a77cd4a9590') in 0.009194 seconds
Number of updated asset objects reloaded before import = 0
Number of asset objects unloaded after import = 9
========================================================================
Received Import Request.
  Time since last request: 0.000014 seconds.
  path: Assets/ThirdPackage/Tiny_Toony_City_Extended/Meshes/Hospital/Window_A2.fbx
  artifactKey: Guid(2054851fcd51a05419fefe18aab69635) Importer(815301076,1909f56bfc062723c751e8b465ee728b)
Start importing Assets/ThirdPackage/Tiny_Toony_City_Extended/Meshes/Hospital/Window_A2.fbx using Guid(2054851fcd51a05419fefe18aab69635) Importer(815301076,1909f56bfc062723c751e8b465ee728b) [PhysX] Initialized MultithreadedTaskDispatcher with 32 workers.
[PhysX] Initialized MultithreadedTaskDispatcher with 32 workers.
[PhysX] Initialized MultithreadedTaskDispatcher with 32 workers.
 -> (artifact id: 'efa8342f0809be45c134d1b1652c94be') in 0.008000 seconds
Number of updated asset objects reloaded before import = 0
Number of asset objects unloaded after import = 9
========================================================================
Received Import Request.
  Time since last request: 0.000020 seconds.
  path: Assets/ThirdPackage/Tiny_Toony_City_Extended/Meshes/Hospital/Bottom_A4.fbx
  artifactKey: Guid(89db03fcd9102674782980824af009e6) Importer(815301076,1909f56bfc062723c751e8b465ee728b)
Start importing Assets/ThirdPackage/Tiny_Toony_City_Extended/Meshes/Hospital/Bottom_A4.fbx using Guid(89db03fcd9102674782980824af009e6) Importer(815301076,1909f56bfc062723c751e8b465ee728b) [PhysX] Initialized MultithreadedTaskDispatcher with 32 workers.
[PhysX] Initialized MultithreadedTaskDispatcher with 32 workers.
[PhysX] Initialized MultithreadedTaskDispatcher with 32 workers.
 -> (artifact id: '57af668dc5a199542c3945c2967e7217') in 0.007758 seconds
Number of updated asset objects reloaded before import = 0
Number of asset objects unloaded after import = 9
========================================================================
Received Import Request.
  Time since last request: 0.000014 seconds.
  path: Assets/ThirdPackage/Tiny_Toony_City_Extended/Meshes/Hospital/Window_A1.fbx
  artifactKey: Guid(a4a8d02520ea9474bab7f399c99f8818) Importer(815301076,1909f56bfc062723c751e8b465ee728b)
Start importing Assets/ThirdPackage/Tiny_Toony_City_Extended/Meshes/Hospital/Window_A1.fbx using Guid(a4a8d02520ea9474bab7f399c99f8818) Importer(815301076,1909f56bfc062723c751e8b465ee728b) [PhysX] Initialized MultithreadedTaskDispatcher with 32 workers.
[PhysX] Initialized MultithreadedTaskDispatcher with 32 workers.
[PhysX] Initialized MultithreadedTaskDispatcher with 32 workers.
 -> (artifact id: '82815300e4414b2fbe251a7a33e45a1a') in 0.007036 seconds
Number of updated asset objects reloaded before import = 0
Number of asset objects unloaded after import = 9
========================================================================
Received Import Request.
  Time since last request: 0.000012 seconds.
  path: Assets/ThirdPackage/Tiny_Toony_City_Extended/Meshes/Hospital/Cantero_A1.fbx
  artifactKey: Guid(d0be7e7c61a409d4ebdc38733fe9873e) Importer(815301076,1909f56bfc062723c751e8b465ee728b)
Start importing Assets/ThirdPackage/Tiny_Toony_City_Extended/Meshes/Hospital/Cantero_A1.fbx using Guid(d0be7e7c61a409d4ebdc38733fe9873e) Importer(815301076,1909f56bfc062723c751e8b465ee728b) [PhysX] Initialized MultithreadedTaskDispatcher with 32 workers.
[PhysX] Initialized MultithreadedTaskDispatcher with 32 workers.
[PhysX] Initialized MultithreadedTaskDispatcher with 32 workers.
 -> (artifact id: 'f26eec1408c2c757c3dac56248f2ffa4') in 0.007787 seconds
Number of updated asset objects reloaded before import = 0
Number of asset objects unloaded after import = 9
========================================================================
Received Import Request.
  Time since last request: 0.000014 seconds.
  path: Assets/ThirdPackage/Tiny_Toony_City_Extended/Meshes/Hospital/Stairs_A4.fbx
  artifactKey: Guid(31cbae5ba42d6b2498ece8a4090af020) Importer(815301076,1909f56bfc062723c751e8b465ee728b)
Start importing Assets/ThirdPackage/Tiny_Toony_City_Extended/Meshes/Hospital/Stairs_A4.fbx using Guid(31cbae5ba42d6b2498ece8a4090af020) Importer(815301076,1909f56bfc062723c751e8b465ee728b) [PhysX] Initialized MultithreadedTaskDispatcher with 32 workers.
[PhysX] Initialized MultithreadedTaskDispatcher with 32 workers.
[PhysX] Initialized MultithreadedTaskDispatcher with 32 workers.
 -> (artifact id: 'e523a464da2c7b689c7e539b950671a9') in 0.008023 seconds
Number of updated asset objects reloaded before import = 0
Number of asset objects unloaded after import = 9
========================================================================
Received Import Request.
  Time since last request: 0.000013 seconds.
  path: Assets/ThirdPackage/Tiny_Toony_City_Extended/Meshes/Hospital/Stairs_A3.fbx
  artifactKey: Guid(dd0092e00ef81d949a6f868005679ca4) Importer(815301076,1909f56bfc062723c751e8b465ee728b)
Start importing Assets/ThirdPackage/Tiny_Toony_City_Extended/Meshes/Hospital/Stairs_A3.fbx using Guid(dd0092e00ef81d949a6f868005679ca4) Importer(815301076,1909f56bfc062723c751e8b465ee728b) [PhysX] Initialized MultithreadedTaskDispatcher with 32 workers.
[PhysX] Initialized MultithreadedTaskDispatcher with 32 workers.
[PhysX] Initialized MultithreadedTaskDispatcher with 32 workers.
 -> (artifact id: 'f5b6156842a670a284a2722e6fdf11d6') in 0.007431 seconds
Number of updated asset objects reloaded before import = 0
Number of asset objects unloaded after import = 9
========================================================================
Received Import Request.
  Time since last request: 27.985947 seconds.
  path: Assets/ThirdPackage/Tiny_Toony_City_Extended/Meshes/Burgers/Block_A03.fbx
  artifactKey: Guid(446118135d408be41afd5a60b68d2bfb) Importer(815301076,1909f56bfc062723c751e8b465ee728b)
Start importing Assets/ThirdPackage/Tiny_Toony_City_Extended/Meshes/Burgers/Block_A03.fbx using Guid(446118135d408be41afd5a60b68d2bfb) Importer(815301076,1909f56bfc062723c751e8b465ee728b) [PhysX] Initialized MultithreadedTaskDispatcher with 32 workers.
[PhysX] Initialized MultithreadedTaskDispatcher with 32 workers.
[PhysX] Initialized MultithreadedTaskDispatcher with 32 workers.
 -> (artifact id: '023bbc52280b827dfdc1f6f392859c0b') in 0.014241 seconds
Number of updated asset objects reloaded before import = 0
Number of asset objects unloaded after import = 9
========================================================================
Received Import Request.
  Time since last request: 0.000012 seconds.
  path: Assets/ThirdPackage/Tiny_Toony_City_Extended/Meshes/Burgers/RoofTop_A01.fbx
  artifactKey: Guid(2da59bdc83d845e41912487a0db1c06f) Importer(815301076,1909f56bfc062723c751e8b465ee728b)
Start importing Assets/ThirdPackage/Tiny_Toony_City_Extended/Meshes/Burgers/RoofTop_A01.fbx using Guid(2da59bdc83d845e41912487a0db1c06f) Importer(815301076,1909f56bfc062723c751e8b465ee728b) [PhysX] Initialized MultithreadedTaskDispatcher with 32 workers.
[PhysX] Initialized MultithreadedTaskDispatcher with 32 workers.
[PhysX] Initialized MultithreadedTaskDispatcher with 32 workers.
 -> (artifact id: 'ea6fb7b4058ebb8b1424699f18941ee6') in 0.075145 seconds
Number of updated asset objects reloaded before import = 0
Number of asset objects unloaded after import = 9
========================================================================
Received Import Request.
  Time since last request: 0.000019 seconds.
  path: Assets/ThirdPackage/Tiny_Toony_City_Extended/Meshes/Burgers/Bottom_A02.fbx
  artifactKey: Guid(6151dc4525b2ef147973d3c2bcfbe40c) Importer(815301076,1909f56bfc062723c751e8b465ee728b)
Start importing Assets/ThirdPackage/Tiny_Toony_City_Extended/Meshes/Burgers/Bottom_A02.fbx using Guid(6151dc4525b2ef147973d3c2bcfbe40c) Importer(815301076,1909f56bfc062723c751e8b465ee728b) [PhysX] Initialized MultithreadedTaskDispatcher with 32 workers.
[PhysX] Initialized MultithreadedTaskDispatcher with 32 workers.
[PhysX] Initialized MultithreadedTaskDispatcher with 32 workers.
 -> (artifact id: '6321d38b9797e3093895f9108e1fd650') in 0.065721 seconds
Number of updated asset objects reloaded before import = 0
Number of asset objects unloaded after import = 9
========================================================================
Received Import Request.
  Time since last request: 0.000020 seconds.
  path: Assets/ThirdPackage/Tiny_Toony_City_Extended/Meshes/Burgers/Bottle_01.fbx
  artifactKey: Guid(b5b364e1d57115f40b382ca67ef314e7) Importer(815301076,1909f56bfc062723c751e8b465ee728b)
Start importing Assets/ThirdPackage/Tiny_Toony_City_Extended/Meshes/Burgers/Bottle_01.fbx using Guid(b5b364e1d57115f40b382ca67ef314e7) Importer(815301076,1909f56bfc062723c751e8b465ee728b) [PhysX] Initialized MultithreadedTaskDispatcher with 32 workers.
[PhysX] Initialized MultithreadedTaskDispatcher with 32 workers.
[PhysX] Initialized MultithreadedTaskDispatcher with 32 workers.
 -> (artifact id: '46454264749eb45ad02996a271ec7769') in 0.031620 seconds
Number of updated asset objects reloaded before import = 0
Number of asset objects unloaded after import = 9
Editor requested this worker to shutdown with reason: Scaling down because of idle timeout
TcpMessagingSession - receive error: operation aborted. errorcode: 995, details: 由于线程退出或应用程序请求，已中止 I/O 操作。
AssetImportWorker is now disconnected from the server
Process exiting
Exiting without the bug reporter. Application will terminate with return code 0